2024-10-04 23:10:44,502 - INFO - raw_session_middleware - raw_session_middleware.py - update raw session 7
2024-10-04 23:10:44,685 - INFO - raw_session_middleware - raw_session_middleware.py - get raw session 8
2024-10-04 23:10:44,735 - INFO - raw_session_middleware - raw_session_middleware.py - create raw log 10
2024-10-04 23:10:45,194 - INFO - raw_session_middleware - raw_session_middleware.py - create raw log 11
2024-10-04 23:10:49,135 - INFO - raw_session_middleware - raw_session_middleware.py - update raw session 4
2024-10-04 23:10:49,650 - INFO - raw_session_middleware - raw_session_middleware.py - create raw log 11
2024-10-04 23:10:49,867 - INFO - raw_session_middleware - raw_session_middleware.py - update raw session 4
2024-10-04 23:10:50,087 - INFO - raw_session_middleware - raw_session_middleware.py - create raw log 11
2024-10-04 23:10:50,344 - INFO - raw_session_middleware - raw_session_middleware.py - update raw session 4
2024-10-04 23:10:50,768 - INFO - raw_session_middleware - raw_session_middleware.py - create raw log 11
2024-10-04 23:10:50,816 - INFO - raw_session_middleware - raw_session_middleware.py - update raw session 4
2024-10-04 23:10:51,954 - INFO - raw_session_middleware - raw_session_middleware.py - update raw session 4
2024-10-04 23:10:51,957 - INFO - raw_session_middleware - raw_session_middleware.py - update raw session 4
2024-10-04 23:10:52,250 - INFO - raw_session_middleware - raw_session_middleware.py - update raw session 4
2024-10-04 23:10:52,918 - INFO - raw_session_middleware - raw_session_middleware.py - update raw session 4
2024-10-04 23:10:53,094 - INFO - raw_session_middleware - raw_session_middleware.py - create raw log 11
2024-10-04 23:10:53,331 - INFO - raw_session_middleware - raw_session_middleware.py - create raw log 11
2024-10-04 23:10:53,802 - INFO - raw_session_middleware - raw_session_middleware.py - update raw session 4
2024-10-04 23:10:54,068 - INFO - raw_session_middleware - raw_session_middleware.py - create raw log 11
2024-10-04 23:10:54,380 - INFO - raw_session_middleware - raw_session_middleware.py - create raw log 11
2024-10-04 23:10:54,997 - INFO - raw_session_middleware - raw_session_middleware.py - create raw log 11
2024-10-04 23:10:55,659 - INFO - raw_session_middleware - raw_session_middleware.py - create raw log 11
2024-10-04 23:10:57,198 - INFO - raw_session_middleware - raw_session_middleware.py - update raw session 4
2024-10-04 23:10:57,996 - INFO - raw_session_middleware - raw_session_middleware.py - create raw log 11
2024-10-04 23:10:58,693 - INFO - raw_session_middleware - raw_session_middleware.py - update raw session 4
2024-10-04 23:10:59,047 - INFO - raw_session_middleware - raw_session_middleware.py - create raw log 11
2024-10-04 23:10:59,544 - INFO - raw_session_middleware - raw_session_middleware.py - update raw session 4
2024-10-04 23:10:59,729 - INFO - raw_session_middleware - raw_session_middleware.py - create raw log 11
2024-10-04 23:11:00,675 - INFO - raw_session_middleware - raw_session_middleware.py - update raw session 4
2024-10-04 23:11:01,026 - INFO - raw_session_middleware - raw_session_middleware.py - create raw log 11
2024-10-04 23:11:01,503 - INFO - raw_session_middleware - raw_session_middleware.py - update raw session 4
2024-10-04 23:11:01,843 - INFO - raw_session_middleware - raw_session_middleware.py - create raw log 11
2024-10-04 23:11:02,530 - INFO - raw_session_middleware - raw_session_middleware.py - update raw session 4
2024-10-04 23:11:02,862 - INFO - raw_session_middleware - raw_session_middleware.py - update raw session 4
2024-10-04 23:11:03,058 - INFO - raw_session_middleware - raw_session_middleware.py - create raw log 11
2024-10-04 23:11:03,506 - INFO - raw_session_middleware - raw_session_middleware.py - create raw log 11
2024-10-04 23:11:04,084 - INFO - raw_session_middleware - raw_session_middleware.py - update raw session 4
2024-10-04 23:11:04,567 - INFO - raw_session_middleware - raw_session_middleware.py - create raw log 11
2024-10-04 23:11:05,686 - INFO - raw_session_middleware - raw_session_middleware.py - update raw session 4
2024-10-04 23:11:06,024 - INFO - raw_session_middleware - raw_session_middleware.py - update raw session 4
2024-10-04 23:11:06,267 - INFO - raw_session_middleware - raw_session_middleware.py - create raw log 11
2024-10-04 23:11:07,919 - INFO - raw_session_middleware - raw_session_middleware.py - update raw session 4
2024-10-04 23:11:08,230 - INFO - raw_session_middleware - raw_session_middleware.py - create raw log 11
2024-10-04 23:11:11,854 - INFO - raw_session_middleware - raw_session_middleware.py - update raw session 4
2024-10-04 23:11:12,364 - INFO - raw_session_middleware - raw_session_middleware.py - create raw log 11
2024-10-04 23:11:12,992 - INFO - raw_session_middleware - raw_session_middleware.py - update raw session 4
2024-10-04 23:11:13,166 - INFO - raw_session_middleware - raw_session_middleware.py - create raw log 11
2024-10-04 23:11:14,880 - INFO - raw_session_middleware - raw_session_middleware.py - update raw session 4
2024-10-04 23:11:14,880 - INFO - raw_session_middleware - raw_session_middleware.py - update raw session 4
2024-10-04 23:11:15,753 - INFO - raw_session_middleware - raw_session_middleware.py - create raw log 11
2024-10-04 23:11:17,186 - INFO - raw_session_middleware - raw_session_middleware.py - create raw log 11
2024-10-04 23:11:24,452 - INFO - raw_session_middleware - raw_session_middleware.py - update raw session 4
2024-10-04 23:11:25,330 - INFO - raw_session_middleware - raw_session_middleware.py - update raw session 4
2024-10-04 23:11:25,798 - INFO - raw_session_middleware - raw_session_middleware.py - create raw log 11
2024-10-04 23:11:26,378 - INFO - raw_session_middleware - raw_session_middleware.py - update raw session 4
2024-10-04 23:11:26,959 - INFO - raw_session_middleware - raw_session_middleware.py - create raw log 11
2024-10-04 23:11:27,436 - INFO - raw_session_middleware - raw_session_middleware.py - create raw log 11
2024-10-04 23:11:29,559 - INFO - raw_session_middleware - raw_session_middleware.py - create raw log 11
2024-10-05 01:49:05,050 - INFO - raw_session_middleware - raw_session_middleware.py - start 0
2024-10-05 01:49:05,064 - INFO - raw_session_middleware - raw_session_middleware.py - first unique_key 0
2024-10-05 01:49:05,940 - INFO - raw_session_middleware - raw_session_middleware.py - saved session
2024-10-05 01:49:05,942 - INFO - raw_session_middleware - raw_session_middleware.py - get cookie
2024-10-05 01:49:14,150 - INFO - raw_session_middleware - raw_session_middleware.py - get response
2024-10-05 01:49:14,437 - INFO - raw_session_middleware - raw_session_middleware.py - create new cookie session 1
2024-10-05 01:49:16,039 - INFO - raw_session_middleware - raw_session_middleware.py - create raw log 2
2024-10-05 01:49:16,283 - INFO - raw_session_middleware - raw_session_middleware.py - create raw log 11
2024-10-05 01:49:17,265 - INFO - raw_session_middleware - raw_session_middleware.py - start 0
2024-10-05 01:49:17,378 - INFO - raw_session_middleware - raw_session_middleware.py - first unique_key 0
2024-10-05 01:49:17,529 - INFO - raw_session_middleware - raw_session_middleware.py - saved session
2024-10-05 01:49:17,779 - INFO - raw_session_middleware - raw_session_middleware.py - get cookie
2024-10-05 01:49:20,906 - INFO - raw_session_middleware - raw_session_middleware.py - get response
2024-10-05 01:49:20,987 - INFO - raw_session_middleware - raw_session_middleware.py - update raw session 4
2024-10-05 01:49:22,522 - INFO - raw_session_middleware - raw_session_middleware.py - create raw log 11
2024-10-05 01:49:26,446 - INFO - raw_session_middleware - raw_session_middleware.py - start 0
2024-10-05 01:49:26,609 - INFO - raw_session_middleware - raw_session_middleware.py - first unique_key 0
2024-10-05 01:49:26,610 - INFO - raw_session_middleware - raw_session_middleware.py - saved session
2024-10-05 01:49:26,612 - INFO - raw_session_middleware - raw_session_middleware.py - get cookie
2024-10-05 01:49:33,465 - INFO - raw_session_middleware - raw_session_middleware.py - get response
2024-10-05 01:49:33,971 - INFO - raw_session_middleware - raw_session_middleware.py - start 0
2024-10-05 01:49:33,989 - INFO - raw_session_middleware - raw_session_middleware.py - first unique_key 0
2024-10-05 01:49:33,990 - INFO - raw_session_middleware - raw_session_middleware.py - saved session
2024-10-05 01:49:33,992 - INFO - raw_session_middleware - raw_session_middleware.py - get cookie
2024-10-05 01:49:35,661 - INFO - raw_session_middleware - raw_session_middleware.py - update raw session 4
2024-10-05 01:49:36,782 - INFO - raw_session_middleware - raw_session_middleware.py - create raw log 11
2024-10-05 01:49:44,230 - INFO - raw_session_middleware - raw_session_middleware.py - get response
2024-10-05 01:49:44,259 - INFO - raw_session_middleware - raw_session_middleware.py - update raw session 4
2024-10-05 01:49:44,575 - INFO - raw_session_middleware - raw_session_middleware.py - create raw log 11
2024-10-05 01:49:45,604 - INFO - raw_session_middleware - raw_session_middleware.py - start 0
2024-10-05 01:49:45,606 - INFO - raw_session_middleware - raw_session_middleware.py - first unique_key 0
2024-10-05 01:49:45,608 - INFO - raw_session_middleware - raw_session_middleware.py - saved session
2024-10-05 01:49:45,609 - INFO - raw_session_middleware - raw_session_middleware.py - get cookie
2024-10-05 01:49:48,435 - INFO - raw_session_middleware - raw_session_middleware.py - get response
2024-10-05 01:49:48,440 - INFO - raw_session_middleware - raw_session_middleware.py - update raw session 4
2024-10-05 01:49:48,713 - INFO - raw_session_middleware - raw_session_middleware.py - create raw log 11
2024-10-05 01:49:49,647 - INFO - raw_session_middleware - raw_session_middleware.py - start 0
2024-10-05 01:49:49,648 - INFO - raw_session_middleware - raw_session_middleware.py - first unique_key 0
2024-10-05 01:49:49,649 - INFO - raw_session_middleware - raw_session_middleware.py - saved session
2024-10-05 01:49:49,650 - INFO - raw_session_middleware - raw_session_middleware.py - get cookie
2024-10-05 01:49:51,701 - INFO - raw_session_middleware - raw_session_middleware.py - get response
2024-10-05 01:49:51,712 - INFO - raw_session_middleware - raw_session_middleware.py - update raw session 4
2024-10-05 01:49:52,232 - INFO - raw_session_middleware - raw_session_middleware.py - start 0
2024-10-05 01:49:52,333 - INFO - raw_session_middleware - raw_session_middleware.py - first unique_key 0
2024-10-05 01:49:52,341 - INFO - raw_session_middleware - raw_session_middleware.py - saved session
2024-10-05 01:49:52,348 - INFO - raw_session_middleware - raw_session_middleware.py - get cookie
2024-10-05 01:49:52,506 - INFO - raw_session_middleware - raw_session_middleware.py - create raw log 11
2024-10-05 01:49:54,459 - INFO - raw_session_middleware - raw_session_middleware.py - get response
2024-10-05 01:49:54,506 - INFO - raw_session_middleware - raw_session_middleware.py - update raw session 4
2024-10-05 01:49:54,676 - INFO - raw_session_middleware - raw_session_middleware.py - create raw log 11
2024-10-05 01:49:55,212 - INFO - raw_session_middleware - raw_session_middleware.py - start 0
2024-10-05 01:49:55,624 - INFO - raw_session_middleware - raw_session_middleware.py - first unique_key 0
2024-10-05 01:49:55,762 - INFO - raw_session_middleware - raw_session_middleware.py - saved session
2024-10-05 01:49:55,763 - INFO - raw_session_middleware - raw_session_middleware.py - get cookie
2024-10-05 01:49:56,207 - INFO - raw_session_middleware - raw_session_middleware.py - get response
2024-10-05 01:49:56,225 - INFO - raw_session_middleware - raw_session_middleware.py - update raw session 4
2024-10-05 01:49:56,477 - INFO - raw_session_middleware - raw_session_middleware.py - create raw log 11
2024-10-05 01:49:57,098 - INFO - raw_session_middleware - raw_session_middleware.py - start 0
2024-10-05 01:49:57,100 - INFO - raw_session_middleware - raw_session_middleware.py - first unique_key 0
2024-10-05 01:49:57,112 - INFO - raw_session_middleware - raw_session_middleware.py - saved session
2024-10-05 01:49:57,113 - INFO - raw_session_middleware - raw_session_middleware.py - get cookie
2024-10-05 01:49:58,729 - INFO - raw_session_middleware - raw_session_middleware.py - get response
2024-10-05 01:49:58,738 - INFO - raw_session_middleware - raw_session_middleware.py - update raw session 4
2024-10-05 01:49:58,787 - INFO - raw_session_middleware - raw_session_middleware.py - create raw log 11
2024-10-05 01:50:13,066 - INFO - raw_session_middleware - raw_session_middleware.py - start 0
2024-10-05 01:50:13,100 - INFO - raw_session_middleware - raw_session_middleware.py - first unique_key 0
2024-10-05 01:50:13,216 - INFO - raw_session_middleware - raw_session_middleware.py - saved session
2024-10-05 01:50:13,244 - INFO - raw_session_middleware - raw_session_middleware.py - get cookie
2024-10-05 01:50:13,533 - INFO - raw_session_middleware - raw_session_middleware.py - start 0
2024-10-05 01:50:13,742 - INFO - raw_session_middleware - raw_session_middleware.py - start 0
2024-10-05 01:50:14,014 - INFO - raw_session_middleware - raw_session_middleware.py - start 0
2024-10-05 01:50:14,112 - INFO - raw_session_middleware - raw_session_middleware.py - first unique_key 0
2024-10-05 01:50:14,113 - INFO - raw_session_middleware - raw_session_middleware.py - first unique_key 0
2024-10-05 01:50:14,111 - INFO - raw_session_middleware - raw_session_middleware.py - first unique_key 0
2024-10-05 01:50:14,366 - INFO - raw_session_middleware - raw_session_middleware.py - saved session
2024-10-05 01:50:14,350 - INFO - raw_session_middleware - raw_session_middleware.py - saved session
2024-10-05 01:50:14,354 - INFO - raw_session_middleware - raw_session_middleware.py - saved session
2024-10-05 01:50:14,261 - INFO - raw_session_middleware - raw_session_middleware.py - start 0
2024-10-05 01:50:15,120 - INFO - raw_session_middleware - raw_session_middleware.py - start 0
2024-10-05 01:50:15,409 - INFO - raw_session_middleware - raw_session_middleware.py - get cookie
2024-10-05 01:50:15,411 - INFO - raw_session_middleware - raw_session_middleware.py - get cookie
2024-10-05 01:50:15,412 - INFO - raw_session_middleware - raw_session_middleware.py - get cookie
2024-10-05 01:50:15,958 - INFO - raw_session_middleware - raw_session_middleware.py - first unique_key 0
2024-10-05 01:50:15,960 - INFO - raw_session_middleware - raw_session_middleware.py - start 0
2024-10-05 01:50:15,961 - INFO - raw_session_middleware - raw_session_middleware.py - first unique_key 0
2024-10-05 01:50:16,004 - INFO - raw_session_middleware - raw_session_middleware.py - saved session
2024-10-05 01:50:16,427 - INFO - raw_session_middleware - raw_session_middleware.py - start 0
2024-10-05 01:50:16,476 - INFO - raw_session_middleware - raw_session_middleware.py - first unique_key 0
2024-10-05 01:50:22,967 - INFO - raw_session_middleware - raw_session_middleware.py - saved session
2024-10-05 01:50:16,759 - INFO - raw_session_middleware - raw_session_middleware.py - saved session
2024-10-05 01:50:19,263 - INFO - raw_session_middleware - raw_session_middleware.py - get cookie
2024-10-05 01:50:21,073 - INFO - raw_session_middleware - raw_session_middleware.py - get response
2024-10-05 01:50:16,750 - INFO - raw_session_middleware - raw_session_middleware.py - start 0
2024-10-05 01:50:22,965 - INFO - raw_session_middleware - raw_session_middleware.py - first unique_key 0
2024-10-05 01:50:23,399 - INFO - raw_session_middleware - raw_session_middleware.py - get cookie
2024-10-05 01:50:23,404 - INFO - raw_session_middleware - raw_session_middleware.py - get cookie
2024-10-05 01:50:23,415 - INFO - raw_session_middleware - raw_session_middleware.py - first unique_key 0
2024-10-05 01:50:23,415 - INFO - raw_session_middleware - raw_session_middleware.py - saved session
2024-10-05 01:50:24,698 - INFO - raw_session_middleware - raw_session_middleware.py - get response
2024-10-05 01:50:24,779 - INFO - raw_session_middleware - raw_session_middleware.py - saved session
2024-10-05 01:50:24,892 - INFO - raw_session_middleware - raw_session_middleware.py - get cookie
2024-10-05 01:50:25,077 - INFO - raw_session_middleware - raw_session_middleware.py - get cookie
2024-10-05 01:50:25,230 - INFO - raw_session_middleware - raw_session_middleware.py - update raw session 4
2024-10-05 01:50:26,788 - INFO - raw_session_middleware - raw_session_middleware.py - update raw session 4
2024-10-05 01:50:29,098 - INFO - raw_session_middleware - raw_session_middleware.py - get response
2024-10-05 01:50:29,535 - INFO - raw_session_middleware - raw_session_middleware.py - get response
2024-10-05 01:50:30,200 - INFO - raw_session_middleware - raw_session_middleware.py - update raw session 4
2024-10-05 01:50:30,246 - INFO - raw_session_middleware - raw_session_middleware.py - create raw log 11
2024-10-05 01:50:30,612 - INFO - raw_session_middleware - raw_session_middleware.py - create raw log 11
2024-10-05 01:50:30,737 - INFO - raw_session_middleware - raw_session_middleware.py - get response
2024-10-05 01:50:30,910 - INFO - raw_session_middleware - raw_session_middleware.py - update raw session 4
2024-10-05 01:50:31,262 - INFO - raw_session_middleware - raw_session_middleware.py - create raw log 11
2024-10-05 01:50:31,265 - INFO - raw_session_middleware - raw_session_middleware.py - start 0
2024-10-05 01:50:31,271 - INFO - raw_session_middleware - raw_session_middleware.py - update raw session 4
2024-10-05 01:50:31,319 - INFO - raw_session_middleware - raw_session_middleware.py - get response
2024-10-05 01:50:31,509 - INFO - raw_session_middleware - raw_session_middleware.py - first unique_key 0
2024-10-05 01:50:31,905 - INFO - raw_session_middleware - raw_session_middleware.py - start 0
2024-10-05 01:50:31,935 - INFO - raw_session_middleware - raw_session_middleware.py - get response
2024-10-05 01:50:31,943 - INFO - raw_session_middleware - raw_session_middleware.py - first unique_key 0
2024-10-05 01:50:31,952 - INFO - raw_session_middleware - raw_session_middleware.py - saved session
2024-10-05 01:50:31,966 - INFO - raw_session_middleware - raw_session_middleware.py - get cookie
2024-10-05 01:50:32,046 - INFO - raw_session_middleware - raw_session_middleware.py - saved session
2024-10-05 01:50:32,054 - INFO - raw_session_middleware - raw_session_middleware.py - get cookie
2024-10-05 01:50:32,507 - INFO - raw_session_middleware - raw_session_middleware.py - create raw log 11
2024-10-05 01:50:32,512 - INFO - raw_session_middleware - raw_session_middleware.py - update raw session 4
2024-10-05 01:50:32,513 - INFO - raw_session_middleware - raw_session_middleware.py - update raw session 4
2024-10-05 01:50:35,290 - INFO - raw_session_middleware - raw_session_middleware.py - start 0
2024-10-05 01:50:35,386 - INFO - raw_session_middleware - raw_session_middleware.py - get response
2024-10-05 01:50:35,720 - INFO - raw_session_middleware - raw_session_middleware.py - first unique_key 0
2024-10-05 01:50:36,075 - INFO - raw_session_middleware - raw_session_middleware.py - saved session
2024-10-05 01:50:36,608 - INFO - raw_session_middleware - raw_session_middleware.py - get cookie
2024-10-05 01:50:35,741 - INFO - raw_session_middleware - raw_session_middleware.py - get response
2024-10-05 01:50:35,950 - INFO - raw_session_middleware - raw_session_middleware.py - start 0
2024-10-05 01:50:36,806 - INFO - raw_session_middleware - raw_session_middleware.py - create raw log 11
2024-10-05 01:50:36,879 - INFO - raw_session_middleware - raw_session_middleware.py - get response
2024-10-05 01:50:36,900 - INFO - raw_session_middleware - raw_session_middleware.py - update raw session 4
2024-10-05 01:50:36,900 - INFO - raw_session_middleware - raw_session_middleware.py - get response
2024-10-05 01:50:37,028 - INFO - raw_session_middleware - raw_session_middleware.py - create new cookie session 1
2024-10-05 01:50:37,044 - INFO - raw_session_middleware - raw_session_middleware.py - first unique_key 0
2024-10-05 01:50:37,487 - INFO - raw_session_middleware - raw_session_middleware.py - update raw session 4
2024-10-05 01:50:37,510 - INFO - raw_session_middleware - raw_session_middleware.py - start 0
2024-10-05 01:50:37,528 - INFO - raw_session_middleware - raw_session_middleware.py - saved session
2024-10-05 01:50:37,531 - INFO - raw_session_middleware - raw_session_middleware.py - first unique_key 0
2024-10-05 01:50:37,532 - INFO - raw_session_middleware - raw_session_middleware.py - get cookie
2024-10-05 01:50:37,533 - INFO - raw_session_middleware - raw_session_middleware.py - saved session
2024-10-05 01:50:37,715 - INFO - raw_session_middleware - raw_session_middleware.py - get cookie
2024-10-05 01:50:38,729 - INFO - raw_session_middleware - raw_session_middleware.py - create raw log 2
2024-10-05 01:50:39,174 - INFO - raw_session_middleware - raw_session_middleware.py - create raw log 11
2024-10-05 01:50:39,402 - INFO - raw_session_middleware - raw_session_middleware.py - update raw session 4
2024-10-05 01:50:40,065 - INFO - raw_session_middleware - raw_session_middleware.py - start 0
2024-10-05 01:50:40,500 - INFO - raw_session_middleware - raw_session_middleware.py - first unique_key 0
2024-10-05 01:50:40,630 - INFO - raw_session_middleware - raw_session_middleware.py - create raw log 11
2024-10-05 01:50:45,144 - INFO - raw_session_middleware - raw_session_middleware.py - create raw log 11
2024-10-05 01:50:48,214 - INFO - raw_session_middleware - raw_session_middleware.py - start 0
2024-10-05 01:50:48,226 - INFO - raw_session_middleware - raw_session_middleware.py - first unique_key 0
2024-10-05 01:50:48,332 - INFO - raw_session_middleware - raw_session_middleware.py - saved session
2024-10-05 01:50:48,475 - INFO - raw_session_middleware - raw_session_middleware.py - get cookie
2024-10-05 01:50:49,014 - INFO - raw_session_middleware - raw_session_middleware.py - get response
2024-10-05 01:50:49,305 - INFO - raw_session_middleware - raw_session_middleware.py - saved session
2024-10-05 01:50:49,487 - INFO - raw_session_middleware - raw_session_middleware.py - get cookie
2024-10-05 01:50:49,507 - INFO - raw_session_middleware - raw_session_middleware.py - create raw log 11
2024-10-05 01:50:49,773 - INFO - raw_session_middleware - raw_session_middleware.py - create raw log 11
2024-10-05 01:50:50,014 - INFO - raw_session_middleware - raw_session_middleware.py - start 0
2024-10-05 01:50:50,044 - INFO - raw_session_middleware - raw_session_middleware.py - first unique_key 0
2024-10-05 01:50:50,205 - INFO - raw_session_middleware - raw_session_middleware.py - saved session
2024-10-05 01:50:50,217 - INFO - raw_session_middleware - raw_session_middleware.py - update raw session 4
2024-10-05 01:50:50,220 - INFO - raw_session_middleware - raw_session_middleware.py - get cookie
2024-10-05 01:50:50,591 - INFO - raw_session_middleware - raw_session_middleware.py - start 0
2024-10-05 01:50:50,593 - INFO - raw_session_middleware - raw_session_middleware.py - first unique_key 0
2024-10-05 01:50:50,594 - INFO - raw_session_middleware - raw_session_middleware.py - saved session
2024-10-05 01:50:50,595 - INFO - raw_session_middleware - raw_session_middleware.py - get cookie
2024-10-05 01:50:50,752 - INFO - raw_session_middleware - raw_session_middleware.py - get response
2024-10-05 01:50:51,208 - INFO - raw_session_middleware - raw_session_middleware.py - create raw log 11
2024-10-05 01:50:51,226 - INFO - raw_session_middleware - raw_session_middleware.py - update raw session 4
2024-10-05 01:50:51,279 - INFO - raw_session_middleware - raw_session_middleware.py - get response
2024-10-05 01:50:51,566 - INFO - raw_session_middleware - raw_session_middleware.py - update raw session 4
2024-10-05 01:50:51,811 - INFO - raw_session_middleware - raw_session_middleware.py - start 0
2024-10-05 01:50:51,821 - INFO - raw_session_middleware - raw_session_middleware.py - first unique_key 0
2024-10-05 01:50:51,825 - INFO - raw_session_middleware - raw_session_middleware.py - saved session
2024-10-05 01:50:51,827 - INFO - raw_session_middleware - raw_session_middleware.py - get cookie
2024-10-05 01:50:52,062 - INFO - raw_session_middleware - raw_session_middleware.py - create raw log 11
2024-10-05 01:50:53,444 - INFO - raw_session_middleware - raw_session_middleware.py - start 0
2024-10-05 01:50:53,639 - INFO - raw_session_middleware - raw_session_middleware.py - first unique_key 0
2024-10-05 01:50:53,880 - INFO - raw_session_middleware - raw_session_middleware.py - get response
2024-10-05 01:50:53,880 - INFO - raw_session_middleware - raw_session_middleware.py - saved session
2024-10-05 01:50:54,167 - INFO - raw_session_middleware - raw_session_middleware.py - get cookie
2024-10-05 01:50:54,212 - INFO - raw_session_middleware - raw_session_middleware.py - get response
2024-10-05 01:50:54,212 - INFO - raw_session_middleware - raw_session_middleware.py - create new cookie session 1
2024-10-05 01:50:54,384 - INFO - raw_session_middleware - raw_session_middleware.py - get response
2024-10-05 01:50:54,661 - INFO - raw_session_middleware - raw_session_middleware.py - create raw log 11
2024-10-05 01:50:54,892 - INFO - raw_session_middleware - raw_session_middleware.py - start 0
2024-10-05 01:50:54,975 - INFO - raw_session_middleware - raw_session_middleware.py - create raw log 2
2024-10-05 01:50:55,000 - INFO - raw_session_middleware - raw_session_middleware.py - update raw session 4
2024-10-05 01:50:55,006 - INFO - raw_session_middleware - raw_session_middleware.py - update raw session 4
2024-10-05 01:50:55,055 - INFO - raw_session_middleware - raw_session_middleware.py - first unique_key 0
2024-10-05 01:50:55,066 - INFO - raw_session_middleware - raw_session_middleware.py - get response
2024-10-05 01:50:55,113 - INFO - raw_session_middleware - raw_session_middleware.py - start 0
2024-10-05 01:50:55,178 - INFO - raw_session_middleware - raw_session_middleware.py - first unique_key 0
2024-10-05 01:50:55,165 - INFO - raw_session_middleware - raw_session_middleware.py - saved session
2024-10-05 01:50:55,116 - INFO - raw_session_middleware - raw_session_middleware.py - create raw log 11
2024-10-05 01:50:55,215 - INFO - raw_session_middleware - raw_session_middleware.py - saved session
2024-10-05 01:50:55,238 - INFO - raw_session_middleware - raw_session_middleware.py - get cookie
2024-10-05 01:50:55,216 - INFO - raw_session_middleware - raw_session_middleware.py - get cookie
2024-10-05 01:50:55,438 - INFO - raw_session_middleware - raw_session_middleware.py - create raw log 11
2024-10-05 01:50:56,303 - INFO - raw_session_middleware - raw_session_middleware.py - create raw log 11
2024-10-05 01:50:56,664 - INFO - raw_session_middleware - raw_session_middleware.py - start 0
2024-10-05 01:50:56,667 - INFO - raw_session_middleware - raw_session_middleware.py - first unique_key 0
2024-10-05 01:50:56,671 - INFO - raw_session_middleware - raw_session_middleware.py - saved session
2024-10-05 01:50:56,683 - INFO - raw_session_middleware - raw_session_middleware.py - get cookie
2024-10-05 01:50:57,805 - INFO - raw_session_middleware - raw_session_middleware.py - start 0
2024-10-05 01:50:57,820 - INFO - raw_session_middleware - raw_session_middleware.py - first unique_key 0
2024-10-05 01:50:57,822 - INFO - raw_session_middleware - raw_session_middleware.py - saved session
2024-10-05 01:50:57,828 - INFO - raw_session_middleware - raw_session_middleware.py - get cookie
2024-10-05 01:50:58,243 - INFO - raw_session_middleware - raw_session_middleware.py - update raw session 4
2024-10-05 01:50:58,344 - INFO - raw_session_middleware - raw_session_middleware.py - get response
2024-10-05 01:50:58,353 - INFO - raw_session_middleware - raw_session_middleware.py - update raw session 4
2024-10-05 01:50:58,409 - INFO - raw_session_middleware - raw_session_middleware.py - create raw log 11
2024-10-05 01:50:58,682 - INFO - raw_session_middleware - raw_session_middleware.py - start 0
2024-10-05 01:50:58,683 - INFO - raw_session_middleware - raw_session_middleware.py - first unique_key 0
2024-10-05 01:50:58,686 - INFO - raw_session_middleware - raw_session_middleware.py - saved session
2024-10-05 01:50:58,688 - INFO - raw_session_middleware - raw_session_middleware.py - get cookie
2024-10-05 01:50:59,125 - INFO - raw_session_middleware - raw_session_middleware.py - create raw log 11
2024-10-05 01:50:59,566 - INFO - raw_session_middleware - raw_session_middleware.py - start 0
2024-10-05 01:50:59,787 - INFO - raw_session_middleware - raw_session_middleware.py - first unique_key 0
2024-10-05 01:50:59,800 - INFO - raw_session_middleware - raw_session_middleware.py - saved session
2024-10-05 01:50:59,863 - INFO - raw_session_middleware - raw_session_middleware.py - get cookie
2024-10-05 01:51:01,126 - INFO - raw_session_middleware - raw_session_middleware.py - get response
2024-10-05 01:51:01,674 - INFO - raw_session_middleware - raw_session_middleware.py - get response
2024-10-05 01:51:01,981 - INFO - raw_session_middleware - raw_session_middleware.py - update raw session 4
2024-10-05 01:51:02,346 - INFO - raw_session_middleware - raw_session_middleware.py - update raw session 4
2024-10-05 01:51:02,431 - INFO - raw_session_middleware - raw_session_middleware.py - get response
2024-10-05 01:51:02,764 - INFO - raw_session_middleware - raw_session_middleware.py - create raw log 11
2024-10-05 01:51:04,064 - INFO - raw_session_middleware - raw_session_middleware.py - create raw log 11
2024-10-05 01:51:04,930 - INFO - raw_session_middleware - raw_session_middleware.py - create raw log 11
2024-10-05 01:51:05,764 - INFO - raw_session_middleware - raw_session_middleware.py - start 0
2024-10-05 01:51:05,850 - INFO - raw_session_middleware - raw_session_middleware.py - first unique_key 0
2024-10-05 01:51:05,926 - INFO - raw_session_middleware - raw_session_middleware.py - saved session
2024-10-05 01:51:05,962 - INFO - raw_session_middleware - raw_session_middleware.py - get cookie
2024-10-05 01:51:06,781 - INFO - raw_session_middleware - raw_session_middleware.py - get response
2024-10-05 01:51:07,173 - INFO - raw_session_middleware - raw_session_middleware.py - update raw session 4
2024-10-05 01:51:07,763 - INFO - raw_session_middleware - raw_session_middleware.py - start 0
2024-10-05 01:51:08,883 - INFO - raw_session_middleware - raw_session_middleware.py - first unique_key 0
2024-10-05 01:51:09,726 - INFO - raw_session_middleware - raw_session_middleware.py - saved session
2024-10-05 01:51:09,734 - INFO - raw_session_middleware - raw_session_middleware.py - start 0
2024-10-05 01:51:09,899 - INFO - raw_session_middleware - raw_session_middleware.py - first unique_key 0
2024-10-05 01:51:09,866 - INFO - raw_session_middleware - raw_session_middleware.py - get cookie
2024-10-05 01:51:09,900 - INFO - raw_session_middleware - raw_session_middleware.py - saved session
2024-10-05 01:51:10,013 - INFO - raw_session_middleware - raw_session_middleware.py - get cookie
2024-10-05 01:51:10,489 - INFO - raw_session_middleware - raw_session_middleware.py - create raw log 11
2024-10-05 01:51:13,197 - INFO - raw_session_middleware - raw_session_middleware.py - start 0
2024-10-05 01:51:13,199 - INFO - raw_session_middleware - raw_session_middleware.py - first unique_key 0
2024-10-05 01:51:13,205 - INFO - raw_session_middleware - raw_session_middleware.py - saved session
2024-10-05 01:51:13,742 - INFO - raw_session_middleware - raw_session_middleware.py - get cookie
2024-10-05 01:51:14,197 - INFO - raw_session_middleware - raw_session_middleware.py - get response
2024-10-05 01:51:14,423 - INFO - raw_session_middleware - raw_session_middleware.py - update raw session 4
2024-10-05 01:51:14,424 - INFO - raw_session_middleware - raw_session_middleware.py - get response
2024-10-05 01:51:14,436 - INFO - raw_session_middleware - raw_session_middleware.py - update raw session 4
2024-10-05 01:51:14,440 - INFO - raw_session_middleware - raw_session_middleware.py - update raw session 4
2024-10-05 01:51:14,703 - INFO - raw_session_middleware - raw_session_middleware.py - create raw log 11
2024-10-05 01:51:14,816 - INFO - raw_session_middleware - raw_session_middleware.py - start 0
2024-10-05 01:51:15,113 - INFO - raw_session_middleware - raw_session_middleware.py - first unique_key 0
2024-10-05 01:51:15,397 - INFO - raw_session_middleware - raw_session_middleware.py - saved session
2024-10-05 01:51:15,398 - INFO - raw_session_middleware - raw_session_middleware.py - get cookie
2024-10-05 01:51:15,717 - INFO - raw_session_middleware - raw_session_middleware.py - create raw log 11
2024-10-05 01:51:16,004 - INFO - raw_session_middleware - raw_session_middleware.py - get response
2024-10-05 01:51:16,014 - INFO - raw_session_middleware - raw_session_middleware.py - update raw session 4
2024-10-05 01:51:16,062 - INFO - raw_session_middleware - raw_session_middleware.py - start 0
2024-10-05 01:51:16,166 - INFO - raw_session_middleware - raw_session_middleware.py - first unique_key 0
2024-10-05 01:51:16,174 - INFO - raw_session_middleware - raw_session_middleware.py - saved session
2024-10-05 01:51:16,290 - INFO - raw_session_middleware - raw_session_middleware.py - get cookie
2024-10-05 01:51:16,329 - INFO - raw_session_middleware - raw_session_middleware.py - create raw log 11
2024-10-05 01:51:16,635 - INFO - raw_session_middleware - raw_session_middleware.py - get response
2024-10-05 01:51:17,091 - INFO - raw_session_middleware - raw_session_middleware.py - start 0
2024-10-05 01:51:17,249 - INFO - raw_session_middleware - raw_session_middleware.py - first unique_key 0
2024-10-05 01:51:17,558 - INFO - raw_session_middleware - raw_session_middleware.py - saved session
2024-10-05 01:51:17,625 - INFO - raw_session_middleware - raw_session_middleware.py - get cookie
2024-10-05 01:51:17,642 - INFO - raw_session_middleware - raw_session_middleware.py - create raw log 11
2024-10-05 01:51:17,983 - INFO - raw_session_middleware - raw_session_middleware.py - get response
2024-10-05 01:51:19,181 - INFO - raw_session_middleware - raw_session_middleware.py - update raw session 4
2024-10-05 01:51:20,625 - INFO - raw_session_middleware - raw_session_middleware.py - start 0
2024-10-05 01:51:20,630 - INFO - raw_session_middleware - raw_session_middleware.py - first unique_key 0
2024-10-05 01:51:20,632 - INFO - raw_session_middleware - raw_session_middleware.py - saved session
2024-10-05 01:51:20,646 - INFO - raw_session_middleware - raw_session_middleware.py - get cookie
2024-10-05 01:51:21,965 - INFO - raw_session_middleware - raw_session_middleware.py - update raw session 4
2024-10-05 01:51:22,117 - INFO - raw_session_middleware - raw_session_middleware.py - get response
2024-10-05 01:51:22,260 - INFO - raw_session_middleware - raw_session_middleware.py - get response
2024-10-05 01:51:22,388 - INFO - raw_session_middleware - raw_session_middleware.py - update raw session 4
2024-10-05 01:51:23,830 - INFO - raw_session_middleware - raw_session_middleware.py - create raw log 11
2024-10-05 01:51:24,558 - INFO - raw_session_middleware - raw_session_middleware.py - get response
2024-10-05 01:51:24,590 - INFO - raw_session_middleware - raw_session_middleware.py - update raw session 4
2024-10-05 01:51:24,761 - INFO - raw_session_middleware - raw_session_middleware.py - get response
2024-10-05 01:51:24,769 - INFO - raw_session_middleware - raw_session_middleware.py - update raw session 4
2024-10-05 01:51:24,985 - INFO - raw_session_middleware - raw_session_middleware.py - create raw log 11
2024-10-05 01:51:25,065 - INFO - raw_session_middleware - raw_session_middleware.py - create raw log 11
2024-10-05 01:51:25,239 - INFO - raw_session_middleware - raw_session_middleware.py - update raw session 4
2024-10-05 01:51:25,895 - INFO - raw_session_middleware - raw_session_middleware.py - create raw log 11
2024-10-05 01:51:26,064 - INFO - raw_session_middleware - raw_session_middleware.py - start 0
2024-10-05 01:51:26,067 - INFO - raw_session_middleware - raw_session_middleware.py - first unique_key 0
2024-10-05 01:51:26,068 - INFO - raw_session_middleware - raw_session_middleware.py - saved session
2024-10-05 01:51:26,070 - INFO - raw_session_middleware - raw_session_middleware.py - get cookie
2024-10-05 01:51:26,189 - INFO - raw_session_middleware - raw_session_middleware.py - start 0
2024-10-05 01:51:26,210 - INFO - raw_session_middleware - raw_session_middleware.py - get response
2024-10-05 01:51:26,328 - INFO - raw_session_middleware - raw_session_middleware.py - first unique_key 0
2024-10-05 01:51:26,338 - INFO - raw_session_middleware - raw_session_middleware.py - saved session
2024-10-05 01:51:26,411 - INFO - raw_session_middleware - raw_session_middleware.py - get cookie
2024-10-05 01:51:26,902 - INFO - raw_session_middleware - raw_session_middleware.py - update raw session 4
2024-10-05 01:51:27,144 - INFO - raw_session_middleware - raw_session_middleware.py - create raw log 11
2024-10-05 01:51:27,377 - INFO - raw_session_middleware - raw_session_middleware.py - start 0
2024-10-05 01:51:27,641 - INFO - raw_session_middleware - raw_session_middleware.py - start 0
2024-10-05 01:51:27,695 - INFO - raw_session_middleware - raw_session_middleware.py - first unique_key 0
2024-10-05 01:51:27,831 - INFO - raw_session_middleware - raw_session_middleware.py - first unique_key 0
2024-10-05 01:51:27,915 - INFO - raw_session_middleware - raw_session_middleware.py - saved session
2024-10-05 01:51:28,058 - INFO - raw_session_middleware - raw_session_middleware.py - saved session
2024-10-05 01:51:28,130 - INFO - raw_session_middleware - raw_session_middleware.py - get cookie
2024-10-05 01:51:28,227 - INFO - raw_session_middleware - raw_session_middleware.py - get cookie
2024-10-05 01:51:29,370 - INFO - raw_session_middleware - raw_session_middleware.py - get response
2024-10-05 01:51:29,376 - INFO - raw_session_middleware - raw_session_middleware.py - update raw session 4
2024-10-05 01:51:29,675 - INFO - raw_session_middleware - raw_session_middleware.py - create raw log 11
2024-10-05 01:51:29,682 - INFO - raw_session_middleware - raw_session_middleware.py - start 0
2024-10-05 01:51:29,754 - INFO - raw_session_middleware - raw_session_middleware.py - first unique_key 0
2024-10-05 01:51:29,861 - INFO - raw_session_middleware - raw_session_middleware.py - saved session
2024-10-05 01:51:29,971 - INFO - raw_session_middleware - raw_session_middleware.py - get cookie
2024-10-05 01:51:30,158 - INFO - raw_session_middleware - raw_session_middleware.py - get response
2024-10-05 01:51:30,533 - INFO - raw_session_middleware - raw_session_middleware.py - create raw log 11
2024-10-05 01:51:30,876 - INFO - raw_session_middleware - raw_session_middleware.py - get response
2024-10-05 01:51:30,988 - INFO - raw_session_middleware - raw_session_middleware.py - update raw session 4
2024-10-05 01:51:31,152 - INFO - raw_session_middleware - raw_session_middleware.py - create raw log 11
2024-10-05 01:51:31,518 - INFO - raw_session_middleware - raw_session_middleware.py - get response
2024-10-05 01:51:31,696 - INFO - raw_session_middleware - raw_session_middleware.py - get response
2024-10-05 01:51:31,702 - INFO - raw_session_middleware - raw_session_middleware.py - update raw session 4
2024-10-05 01:51:31,706 - INFO - raw_session_middleware - raw_session_middleware.py - update raw session 4
2024-10-05 01:51:31,711 - INFO - raw_session_middleware - raw_session_middleware.py - update raw session 4
2024-10-05 01:51:32,096 - INFO - raw_session_middleware - raw_session_middleware.py - start 0
2024-10-05 01:51:32,104 - INFO - raw_session_middleware - raw_session_middleware.py - first unique_key 0
2024-10-05 01:51:32,107 - INFO - raw_session_middleware - raw_session_middleware.py - saved session
2024-10-05 01:51:32,111 - INFO - raw_session_middleware - raw_session_middleware.py - get cookie
2024-10-05 01:51:32,638 - INFO - raw_session_middleware - raw_session_middleware.py - create raw log 11
2024-10-05 01:51:32,854 - INFO - raw_session_middleware - raw_session_middleware.py - create raw log 11
2024-10-05 01:51:33,163 - INFO - raw_session_middleware - raw_session_middleware.py - start 0
2024-10-05 01:51:33,241 - INFO - raw_session_middleware - raw_session_middleware.py - create raw log 11
2024-10-05 01:51:33,330 - INFO - raw_session_middleware - raw_session_middleware.py - first unique_key 0
2024-10-05 01:51:33,358 - INFO - raw_session_middleware - raw_session_middleware.py - start 0
2024-10-05 01:51:33,693 - INFO - raw_session_middleware - raw_session_middleware.py - saved session
2024-10-05 01:51:33,795 - INFO - raw_session_middleware - raw_session_middleware.py - create raw log 11
2024-10-05 01:51:33,865 - INFO - raw_session_middleware - raw_session_middleware.py - first unique_key 0
2024-10-05 01:51:33,886 - INFO - raw_session_middleware - raw_session_middleware.py - get cookie
2024-10-05 01:51:33,992 - INFO - raw_session_middleware - raw_session_middleware.py - saved session
2024-10-05 01:51:33,996 - INFO - raw_session_middleware - raw_session_middleware.py - get cookie
2024-10-05 01:51:34,349 - INFO - raw_session_middleware - raw_session_middleware.py - get response
2024-10-05 01:51:34,357 - INFO - raw_session_middleware - raw_session_middleware.py - update raw session 4
2024-10-05 01:51:34,877 - INFO - raw_session_middleware - raw_session_middleware.py - create raw log 11
2024-10-05 01:51:35,389 - INFO - raw_session_middleware - raw_session_middleware.py - get response
2024-10-05 01:51:35,433 - INFO - raw_session_middleware - raw_session_middleware.py - update raw session 4
2024-10-05 01:51:37,066 - INFO - raw_session_middleware - raw_session_middleware.py - start 0
2024-10-05 01:51:37,279 - INFO - raw_session_middleware - raw_session_middleware.py - first unique_key 0
2024-10-05 01:51:37,381 - INFO - raw_session_middleware - raw_session_middleware.py - saved session
2024-10-05 01:51:37,383 - INFO - raw_session_middleware - raw_session_middleware.py - get cookie
2024-10-05 01:51:37,992 - INFO - raw_session_middleware - raw_session_middleware.py - get response
2024-10-05 01:51:38,126 - INFO - raw_session_middleware - raw_session_middleware.py - get response
2024-10-05 01:51:38,132 - INFO - raw_session_middleware - raw_session_middleware.py - update raw session 4
2024-10-05 01:51:38,137 - INFO - raw_session_middleware - raw_session_middleware.py - update raw session 4
2024-10-05 01:51:38,208 - INFO - raw_session_middleware - raw_session_middleware.py - create raw log 11
2024-10-05 01:51:38,326 - INFO - raw_session_middleware - raw_session_middleware.py - start 0
2024-10-05 01:51:38,327 - INFO - raw_session_middleware - raw_session_middleware.py - first unique_key 0
2024-10-05 01:51:38,329 - INFO - raw_session_middleware - raw_session_middleware.py - saved session
2024-10-05 01:51:38,330 - INFO - raw_session_middleware - raw_session_middleware.py - get cookie
2024-10-05 01:51:38,777 - INFO - raw_session_middleware - raw_session_middleware.py - start 0
2024-10-05 01:51:38,778 - INFO - raw_session_middleware - raw_session_middleware.py - first unique_key 0
2024-10-05 01:51:38,779 - INFO - raw_session_middleware - raw_session_middleware.py - saved session
2024-10-05 01:51:38,781 - INFO - raw_session_middleware - raw_session_middleware.py - get cookie
2024-10-05 01:51:38,891 - INFO - raw_session_middleware - raw_session_middleware.py - create raw log 11
2024-10-05 01:51:39,219 - INFO - raw_session_middleware - raw_session_middleware.py - start 0
2024-10-05 01:51:39,223 - INFO - raw_session_middleware - raw_session_middleware.py - first unique_key 0
2024-10-05 01:51:39,225 - INFO - raw_session_middleware - raw_session_middleware.py - saved session
2024-10-05 01:51:39,226 - INFO - raw_session_middleware - raw_session_middleware.py - get cookie
2024-10-05 01:51:40,696 - INFO - raw_session_middleware - raw_session_middleware.py - start 0
2024-10-05 01:51:40,780 - INFO - raw_session_middleware - raw_session_middleware.py - first unique_key 0
2024-10-05 01:51:40,796 - INFO - raw_session_middleware - raw_session_middleware.py - saved session
2024-10-05 01:51:40,800 - INFO - raw_session_middleware - raw_session_middleware.py - get cookie
2024-10-05 01:51:42,529 - INFO - raw_session_middleware - raw_session_middleware.py - get response
2024-10-05 01:51:42,549 - INFO - raw_session_middleware - raw_session_middleware.py - update raw session 4
2024-10-05 01:51:42,684 - INFO - raw_session_middleware - raw_session_middleware.py - get response
2024-10-05 01:51:43,198 - INFO - raw_session_middleware - raw_session_middleware.py - create raw log 11
2024-10-05 01:51:44,098 - INFO - raw_session_middleware - raw_session_middleware.py - get response
2024-10-05 01:51:44,140 - INFO - raw_session_middleware - raw_session_middleware.py - get response
2024-10-05 01:51:45,402 - INFO - raw_session_middleware - raw_session_middleware.py - create raw log 11
2024-10-05 01:51:45,719 - INFO - raw_session_middleware - raw_session_middleware.py - start 0
2024-10-05 01:51:45,767 - INFO - raw_session_middleware - raw_session_middleware.py - first unique_key 0
2024-10-05 01:51:45,769 - INFO - raw_session_middleware - raw_session_middleware.py - saved session
2024-10-05 01:51:45,770 - INFO - raw_session_middleware - raw_session_middleware.py - get cookie
2024-10-05 01:51:45,831 - INFO - raw_session_middleware - raw_session_middleware.py - update raw session 4
2024-10-05 01:51:46,029 - INFO - raw_session_middleware - raw_session_middleware.py - start 0
2024-10-05 01:51:46,033 - INFO - raw_session_middleware - raw_session_middleware.py - first unique_key 0
2024-10-05 01:51:46,035 - INFO - raw_session_middleware - raw_session_middleware.py - saved session
2024-10-05 01:51:46,037 - INFO - raw_session_middleware - raw_session_middleware.py - get cookie
2024-10-05 01:51:46,030 - INFO - raw_session_middleware - raw_session_middleware.py - update raw session 4
2024-10-05 01:51:46,352 - INFO - raw_session_middleware - raw_session_middleware.py - start 0
2024-10-05 01:51:46,366 - INFO - raw_session_middleware - raw_session_middleware.py - first unique_key 0
2024-10-05 01:51:46,368 - INFO - raw_session_middleware - raw_session_middleware.py - saved session
2024-10-05 01:51:46,369 - INFO - raw_session_middleware - raw_session_middleware.py - get cookie
2024-10-05 01:51:46,448 - INFO - raw_session_middleware - raw_session_middleware.py - start 0
2024-10-05 01:51:46,473 - INFO - raw_session_middleware - raw_session_middleware.py - first unique_key 0
2024-10-05 01:51:46,529 - INFO - raw_session_middleware - raw_session_middleware.py - saved session
2024-10-05 01:51:46,534 - INFO - raw_session_middleware - raw_session_middleware.py - get response
2024-10-05 01:51:46,600 - INFO - raw_session_middleware - raw_session_middleware.py - get cookie
2024-10-05 01:51:47,070 - INFO - raw_session_middleware - raw_session_middleware.py - create raw log 11
2024-10-05 01:51:47,077 - INFO - raw_session_middleware - raw_session_middleware.py - update raw session 4
2024-10-05 01:51:47,283 - INFO - raw_session_middleware - raw_session_middleware.py - get response
2024-10-05 01:51:47,291 - INFO - raw_session_middleware - raw_session_middleware.py - update raw session 4
2024-10-05 01:51:47,329 - INFO - raw_session_middleware - raw_session_middleware.py - create raw log 11
2024-10-05 01:51:47,442 - INFO - raw_session_middleware - raw_session_middleware.py - create raw log 11
2024-10-05 01:51:47,571 - INFO - raw_session_middleware - raw_session_middleware.py - start 0
2024-10-05 01:51:47,606 - INFO - raw_session_middleware - raw_session_middleware.py - update raw session 4
2024-10-05 01:51:47,623 - INFO - raw_session_middleware - raw_session_middleware.py - first unique_key 0
2024-10-05 01:51:47,759 - INFO - raw_session_middleware - raw_session_middleware.py - create raw log 11
2024-10-05 01:51:47,826 - INFO - raw_session_middleware - raw_session_middleware.py - get response
2024-10-05 01:51:47,946 - INFO - raw_session_middleware - raw_session_middleware.py - update raw session 4
2024-10-05 01:51:47,882 - INFO - raw_session_middleware - raw_session_middleware.py - create raw log 11
2024-10-05 01:51:47,830 - INFO - raw_session_middleware - raw_session_middleware.py - saved session
2024-10-05 01:51:48,258 - INFO - raw_session_middleware - raw_session_middleware.py - get cookie
2024-10-05 01:51:48,362 - INFO - raw_session_middleware - raw_session_middleware.py - start 0
2024-10-05 01:51:48,381 - INFO - raw_session_middleware - raw_session_middleware.py - first unique_key 0
2024-10-05 01:51:48,382 - INFO - raw_session_middleware - raw_session_middleware.py - saved session
2024-10-05 01:51:48,383 - INFO - raw_session_middleware - raw_session_middleware.py - get cookie
2024-10-05 01:51:48,573 - INFO - raw_session_middleware - raw_session_middleware.py - create raw log 11
2024-10-05 01:51:48,885 - INFO - raw_session_middleware - raw_session_middleware.py - start 0
2024-10-05 01:51:48,956 - INFO - raw_session_middleware - raw_session_middleware.py - first unique_key 0
2024-10-05 01:51:48,961 - INFO - raw_session_middleware - raw_session_middleware.py - saved session
2024-10-05 01:51:48,964 - INFO - raw_session_middleware - raw_session_middleware.py - get cookie
2024-10-05 01:51:49,033 - INFO - raw_session_middleware - raw_session_middleware.py - get response
2024-10-05 01:51:49,207 - INFO - raw_session_middleware - raw_session_middleware.py - start 0
2024-10-05 01:51:49,210 - INFO - raw_session_middleware - raw_session_middleware.py - first unique_key 0
2024-10-05 01:51:49,211 - INFO - raw_session_middleware - raw_session_middleware.py - saved session
2024-10-05 01:51:49,212 - INFO - raw_session_middleware - raw_session_middleware.py - get cookie
2024-10-05 01:51:49,226 - INFO - raw_session_middleware - raw_session_middleware.py - update raw session 4
2024-10-05 01:51:49,342 - INFO - raw_session_middleware - raw_session_middleware.py - get response
2024-10-05 01:51:49,774 - INFO - raw_session_middleware - raw_session_middleware.py - get response
2024-10-05 01:51:49,876 - INFO - raw_session_middleware - raw_session_middleware.py - update raw session 4
2024-10-05 01:51:50,026 - INFO - raw_session_middleware - raw_session_middleware.py - update raw session 4
2024-10-05 01:51:50,335 - INFO - raw_session_middleware - raw_session_middleware.py - get response
2024-10-05 01:51:50,476 - INFO - raw_session_middleware - raw_session_middleware.py - create raw log 11
2024-10-05 01:51:50,531 - INFO - raw_session_middleware - raw_session_middleware.py - get response
2024-10-05 01:51:50,550 - INFO - raw_session_middleware - raw_session_middleware.py - update raw session 4
2024-10-05 01:51:50,562 - INFO - raw_session_middleware - raw_session_middleware.py - update raw session 4
2024-10-05 01:51:51,171 - INFO - raw_session_middleware - raw_session_middleware.py - start 0
2024-10-05 01:51:51,243 - INFO - raw_session_middleware - raw_session_middleware.py - first unique_key 0
2024-10-05 01:51:51,245 - INFO - raw_session_middleware - raw_session_middleware.py - saved session
2024-10-05 01:51:51,246 - INFO - raw_session_middleware - raw_session_middleware.py - get cookie
2024-10-05 01:51:51,543 - INFO - raw_session_middleware - raw_session_middleware.py - start 0
2024-10-05 01:51:51,546 - INFO - raw_session_middleware - raw_session_middleware.py - first unique_key 0
2024-10-05 01:51:51,548 - INFO - raw_session_middleware - raw_session_middleware.py - saved session
2024-10-05 01:51:51,549 - INFO - raw_session_middleware - raw_session_middleware.py - get cookie
2024-10-05 01:51:51,878 - INFO - raw_session_middleware - raw_session_middleware.py - create raw log 11
2024-10-05 01:51:53,383 - INFO - raw_session_middleware - raw_session_middleware.py - create raw log 11
2024-10-05 01:51:59,225 - INFO - raw_session_middleware - raw_session_middleware.py - get response
2024-10-05 01:52:00,233 - INFO - raw_session_middleware - raw_session_middleware.py - update raw session 4
2024-10-05 01:52:00,340 - INFO - raw_session_middleware - raw_session_middleware.py - get response
2024-10-05 01:52:00,391 - INFO - raw_session_middleware - raw_session_middleware.py - create raw log 11
2024-10-05 01:52:01,279 - INFO - raw_session_middleware - raw_session_middleware.py - update raw session 4
2024-10-05 01:52:01,356 - INFO - raw_session_middleware - raw_session_middleware.py - start 0
2024-10-05 01:52:01,366 - INFO - raw_session_middleware - raw_session_middleware.py - first unique_key 0
2024-10-05 01:52:01,367 - INFO - raw_session_middleware - raw_session_middleware.py - saved session
2024-10-05 01:52:01,369 - INFO - raw_session_middleware - raw_session_middleware.py - get cookie
2024-10-05 01:52:01,642 - INFO - raw_session_middleware - raw_session_middleware.py - get response
2024-10-05 01:52:01,888 - INFO - raw_session_middleware - raw_session_middleware.py - update raw session 4
2024-10-05 01:52:02,693 - INFO - raw_session_middleware - raw_session_middleware.py - create raw log 11
2024-10-05 01:52:02,951 - INFO - raw_session_middleware - raw_session_middleware.py - start 0
2024-10-05 01:52:02,956 - INFO - raw_session_middleware - raw_session_middleware.py - first unique_key 0
2024-10-05 01:52:02,957 - INFO - raw_session_middleware - raw_session_middleware.py - saved session
2024-10-05 01:52:02,976 - INFO - raw_session_middleware - raw_session_middleware.py - get cookie
2024-10-05 01:52:03,704 - INFO - raw_session_middleware - raw_session_middleware.py - get response
2024-10-05 01:52:03,893 - INFO - raw_session_middleware - raw_session_middleware.py - update raw session 4
2024-10-05 01:52:04,689 - INFO - raw_session_middleware - raw_session_middleware.py - create raw log 11
2024-10-05 01:52:05,039 - INFO - raw_session_middleware - raw_session_middleware.py - start 0
2024-10-05 01:52:05,040 - INFO - raw_session_middleware - raw_session_middleware.py - first unique_key 0
2024-10-05 01:52:05,042 - INFO - raw_session_middleware - raw_session_middleware.py - saved session
2024-10-05 01:52:05,046 - INFO - raw_session_middleware - raw_session_middleware.py - get cookie
2024-10-05 01:52:05,280 - INFO - raw_session_middleware - raw_session_middleware.py - create raw log 11
2024-10-05 01:52:07,262 - INFO - raw_session_middleware - raw_session_middleware.py - get response
2024-10-05 01:52:07,799 - INFO - raw_session_middleware - raw_session_middleware.py - get response
2024-10-05 01:52:07,819 - INFO - raw_session_middleware - raw_session_middleware.py - update raw session 4
2024-10-05 01:52:08,633 - INFO - raw_session_middleware - raw_session_middleware.py - create raw log 11
2024-10-05 01:52:09,222 - INFO - raw_session_middleware - raw_session_middleware.py - start 0
2024-10-05 01:52:09,326 - INFO - raw_session_middleware - raw_session_middleware.py - first unique_key 0
2024-10-05 01:52:09,613 - INFO - raw_session_middleware - raw_session_middleware.py - saved session
2024-10-05 01:52:09,921 - INFO - raw_session_middleware - raw_session_middleware.py - get cookie
2024-10-05 01:52:09,972 - INFO - raw_session_middleware - raw_session_middleware.py - create raw log 11
2024-10-05 01:52:10,182 - INFO - raw_session_middleware - raw_session_middleware.py - start 0
2024-10-05 01:52:10,214 - INFO - raw_session_middleware - raw_session_middleware.py - update raw session 4
2024-10-05 01:52:10,394 - INFO - raw_session_middleware - raw_session_middleware.py - first unique_key 0
2024-10-05 01:52:10,431 - INFO - raw_session_middleware - raw_session_middleware.py - saved session
2024-10-05 01:52:10,432 - INFO - raw_session_middleware - raw_session_middleware.py - get cookie
2024-10-05 01:52:10,500 - INFO - raw_session_middleware - raw_session_middleware.py - start 0
2024-10-05 01:52:10,650 - INFO - raw_session_middleware - raw_session_middleware.py - first unique_key 0
2024-10-05 01:52:10,678 - INFO - raw_session_middleware - raw_session_middleware.py - saved session
2024-10-05 01:52:10,680 - INFO - raw_session_middleware - raw_session_middleware.py - get cookie
2024-10-05 01:52:10,761 - INFO - raw_session_middleware - raw_session_middleware.py - start 0
2024-10-05 01:52:10,891 - INFO - raw_session_middleware - raw_session_middleware.py - first unique_key 0
2024-10-05 01:52:11,266 - INFO - raw_session_middleware - raw_session_middleware.py - saved session
2024-10-05 01:52:12,197 - INFO - raw_session_middleware - raw_session_middleware.py - get cookie
2024-10-05 01:52:15,190 - INFO - raw_session_middleware - raw_session_middleware.py - get response
2024-10-05 01:52:16,536 - INFO - raw_session_middleware - raw_session_middleware.py - create raw log 11
2024-10-05 01:52:17,005 - INFO - raw_session_middleware - raw_session_middleware.py - get response
2024-10-05 01:52:17,433 - INFO - raw_session_middleware - raw_session_middleware.py - create raw log 11
2024-10-05 01:52:18,016 - INFO - raw_session_middleware - raw_session_middleware.py - get response
2024-10-05 01:52:18,024 - INFO - raw_session_middleware - raw_session_middleware.py - update raw session 4
2024-10-05 01:52:19,629 - INFO - raw_session_middleware - raw_session_middleware.py - create raw log 11
2024-10-05 01:52:19,645 - INFO - raw_session_middleware - raw_session_middleware.py - update raw session 4
2024-10-05 01:52:19,676 - INFO - raw_session_middleware - raw_session_middleware.py - update raw session 4
2024-10-05 01:52:20,242 - INFO - raw_session_middleware - raw_session_middleware.py - create raw log 11
2024-10-05 01:52:20,542 - INFO - raw_session_middleware - raw_session_middleware.py - get response
2024-10-05 01:52:21,291 - INFO - raw_session_middleware - raw_session_middleware.py - update raw session 4
2024-10-05 01:52:21,729 - INFO - raw_session_middleware - raw_session_middleware.py - create raw log 11
2024-10-05 01:52:22,613 - INFO - raw_session_middleware - raw_session_middleware.py - create raw log 11
2024-10-05 04:22:43,186 - INFO - raw_session_middleware - raw_session_middleware.py - create raw session 9
2024-10-05 23:07:58,873 - INFO - raw_session_middleware - raw_session_middleware.py - create raw session 9
2024-10-05 23:08:03,917 - INFO - raw_session_middleware - raw_session_middleware.py - update raw session 6
2024-10-05 23:08:03,932 - INFO - raw_session_middleware - raw_session_middleware.py - create raw session 9
2024-10-05 23:09:06,070 - INFO - raw_session_middleware - raw_session_middleware.py - update raw session 6
2024-10-05 23:09:06,133 - INFO - raw_session_middleware - raw_session_middleware.py - create raw session 9
2024-10-05 23:09:08,208 - INFO - raw_session_middleware - raw_session_middleware.py - update raw session 6
2024-10-05 23:09:08,229 - INFO - raw_session_middleware - raw_session_middleware.py - create raw session 9
2024-10-05 23:12:03,002 - INFO - raw_session_middleware - raw_session_middleware.py - update raw session 6
2024-10-05 23:12:03,026 - INFO - raw_session_middleware - raw_session_middleware.py - create raw session 9
2024-10-05 23:12:05,816 - INFO - raw_session_middleware - raw_session_middleware.py - update raw session 6
2024-10-05 23:12:05,865 - INFO - raw_session_middleware - raw_session_middleware.py - create raw session 9
